2023-05-16T18:47:02+00:00 INFO Is weekly report enabled: enable
2023-05-16T18:47:02+00:00 INFO Weekly report action scheduled. Action: cartflows_send_report_summary_email 
2023-05-16T19:30:07+00:00 INFO Start-Cartflows_Frontend::redirect_to_thankyou_page
2023-05-16T19:30:07+00:00 INFO Only for thank you page
2023-05-16T19:30:07+00:00 INFO End-Cartflows_Frontend::redirect_to_thankyou_page
2023-05-16T19:30:08+00:00 INFO Start-Cartflows_Frontend::redirect_to_thankyou_page
2023-05-16T19:30:08+00:00 INFO Only for thank you page
2023-05-16T19:30:08+00:00 INFO End-Cartflows_Frontend::redirect_to_thankyou_page
2023-05-16T19:33:32+00:00 INFO Start-Cartflows_Frontend::redirect_to_thankyou_page
2023-05-16T19:33:32+00:00 INFO Only for thank you page
2023-05-16T19:33:32+00:00 INFO End-Cartflows_Frontend::redirect_to_thankyou_page
2023-05-16T19:36:09+00:00 INFO Start-Cartflows_Frontend::redirect_to_thankyou_page
2023-05-16T19:36:09+00:00 INFO Only for thank you page
2023-05-16T19:36:09+00:00 INFO End-Cartflows_Frontend::redirect_to_thankyou_page
2023-05-16T19:36:40+00:00 INFO Start-Cartflows_Frontend::redirect_to_thankyou_page
2023-05-16T19:36:40+00:00 INFO Only for thank you page
2023-05-16T19:36:40+00:00 INFO End-Cartflows_Frontend::redirect_to_thankyou_page
2023-05-16T19:36:40+00:00 INFO Start-Cartflows_Frontend::redirect_to_thankyou_page
2023-05-16T19:36:40+00:00 INFO Only for thank you page
2023-05-16T19:36:40+00:00 INFO End-Cartflows_Frontend::redirect_to_thankyou_page
2023-05-16T19:36:48+00:00 INFO Start-Cartflows_Frontend::redirect_to_thankyou_page
2023-05-16T19:36:48+00:00 INFO Only for thank you page
2023-05-16T19:36:48+00:00 INFO End-Cartflows_Frontend::redirect_to_thankyou_page
2023-05-16T19:37:18+00:00 INFO Start-Cartflows_Frontend::redirect_to_thankyou_page
2023-05-16T19:37:18+00:00 INFO Only for thank you page
2023-05-16T19:37:18+00:00 INFO End-Cartflows_Frontend::redirect_to_thankyou_page
2023-05-16T19:37:24+00:00 INFO Start-Cartflows_Frontend::redirect_to_thankyou_page
2023-05-16T19:37:24+00:00 INFO Only for thank you page
2023-05-16T19:37:24+00:00 INFO End-Cartflows_Frontend::redirect_to_thankyou_page
2023-05-16T19:38:34+00:00 INFO Start-Cartflows_Frontend::redirect_to_thankyou_page
2023-05-16T19:38:34+00:00 INFO Only for thank you page
2023-05-16T19:38:34+00:00 INFO End-Cartflows_Frontend::redirect_to_thankyou_page
2023-05-16T19:41:34+00:00 INFO Start-Cartflows_Frontend::redirect_to_thankyou_page
2023-05-16T19:41:34+00:00 INFO Only for thank you page
2023-05-16T19:41:34+00:00 INFO End-Cartflows_Frontend::redirect_to_thankyou_page
